<?xml version="1.0" encoding="UTF-8"?>
<testng-results skipped="0" failed="0" ignored="0" total="1" passed="1">
  <reporter-output>
  </reporter-output>
  <suite name="Suite1" duration-ms="39" started-at="2017-04-19T14:17:48Z" finished-at="2017-04-19T14:17:48Z">
    <groups>
    </groups>
    <test name="test1" duration-ms="39" started-at="2017-04-19T14:17:48Z" finished-at="2017-04-19T14:17:48Z">
      <class name="TestNGSimpleTest">
        <test-method status="PASS" signature="testAdd()[pri:0, instance:TestNGSimpleTest@3c09711b]" name="testAdd" duration-ms="15" started-at="2017-04-19T19:47:48Z" finished-at="2017-04-19T19:47:48Z">
          <reporter-output>
          </reporter-output>
        </test-method> <!-- testAdd -->
      </class> <!-- TestNGSimpleTest -->
    </test> <!-- test1 -->
  </suite> <!-- Suite1 -->
</testng-results>
